SF:/testing/src/mod.ts
FN:7,get
FN:27,encode
FN:53,set
FN:125,command
FN:125,command
FNDA:306,get
FNDA:66,encode
FNDA:72,set
FNDA:12,run
FNDA:325,command
FNDA:65,command
FNF:6
FNH:6
BRDA:11,2,0,300
BRDA:12,2,1,6
BRDA:15,2,2,300
BRDA:17,2,3,18
BRDA:20,2,4,282
BRDA:33,3,0,6
BRDA:37,3,1,60
BRDA:37,3,2,42
BRDA:40,3,3,48
BRDA:55,4,0,6
BRDA:58,4,1,66
BRDA:63,4,2,0
BRDA:70,4,3,66
BRDA:79,4,4,30
BRDA:84,4,5,12
BRDA:85,4,6,6
BRDA:85,4,7,6
BRDA:85,4,8,6
BRDA:89,4,9,18
BRDA:92,4,10,66
BRDA:94,4,11,54
BRDA:96,4,12,66
BRDA:100,4,13,0
BRDA:113,5,0,6
BRF:24
BRH:22
DA:1,6
DA:2,6
DA:4,1
DA:7,6
DA:8,6
DA:9,312
DA:10,312
DA:11,312
DA:12,312
DA:13,318
DA:14,318
DA:15,318
DA:16,612
DA:17,312
DA:18,330
DA:19,330
DA:20,330
DA:21,594
DA:22,312
DA:24,1
DA:27,6
DA:28,6
DA:29,72
DA:30,72
DA:32,72
DA:33,72
DA:34,78
DA:35,78
DA:36,78
DA:37,72
DA:38,174
DA:39,174
DA:40,72
DA:41,120
DA:42,120
DA:43,120
DA:44,120
DA:46,72
DA:47,72
DA:49,1
DA:53,6
DA:54,6
DA:55,78
DA:56,84
DA:57,84
DA:58,84
DA:59,144
DA:60,144
DA:61,144
DA:62,144
DA:63,0
DA:64,0
DA:65,0
DA:66,0
DA:67,0
DA:68,0
DA:69,0
DA:70,0
DA:71,144
DA:72,144
DA:73,144
DA:74,144
DA:76,144
DA:77,144
DA:78,144
DA:79,78
DA:80,108
DA:81,108
DA:82,108
DA:83,108
DA:84,108
DA:85,120
DA:86,120
DA:87,120
DA:88,120
DA:89,108
DA:90,126
DA:91,126
DA:92,108
DA:93,144
DA:94,78
DA:95,132
DA:96,132
DA:98,144
DA:99,144
DA:100,0
DA:101,0
DA:102,0
DA:103,0
DA:104,78
DA:106,1
DA:109,6
DA:110,6
DA:111,18
DA:112,18
DA:113,18
DA:114,24
DA:115,24
DA:116,24
DA:117,24
DA:118,24
DA:119,96
DA:120,24
DA:121,24
DA:122,24
DA:123,18
DA:125,6
DA:126,396
DA:127,396
DA:128,396
DA:129,396
DA:130,396
DA:131,396
DA:132,792
DA:133,0
DA:134,0
DA:135,0
DA:136,0
DA:137,0
DA:138,0
DA:139,0
DA:140,0
DA:141,0
DA:142,0
DA:143,804
DA:144,396
DA:145,330
DA:146,330
LH:106
LF:128
end_of_record
SF:/testing/test/utils.ts
FN:3,arraysEqual
FN:13,<instance_members_initializer>
FN:17,withMock
FN:31,log
FN:35,error
FN:39,assertLog
FN:47,assertLogContains
FN:57,assertError
FN:65,assertErrorContains
FN:76,mockConsole
FN:81,<instance_members_initializer>
FN:82,ExitError
FN:87,assertExits
FN:89,newExit
FNDA:306,arraysEqual
FNDA:318,<instance_members_initializer>
FNDA:318,withMock
FNDA:282,log
FNDA:36,error
FNDA:282,assertLog
FNDA:0,assertLogContains
FNDA:24,assertError
FNDA:12,assertErrorContains
FNDA:318,mockConsole
FNDA:42,<instance_members_initializer>
FNDA:42,ExitError
FNDA:42,assertExits
FNDA:42,newExit
FNF:14
FNH:13
BRDA:4,1,0,0
BRDA:5,1,1,0
BRDA:6,1,2,0
BRDA:8,1,3,0
BRDA:18,3,0,0
BRDA:94,20,0,0
BRDA:99,20,1,0
BRF:7
BRH:0
DA:1,6
DA:3,312
DA:4,0
DA:5,0
DA:6,0
DA:7,312
DA:8,0
DA:9,312
DA:10,312
DA:11,312
DA:13,6
DA:14,324
DA:15,324
DA:17,324
DA:18,0
DA:19,0
DA:20,0
DA:21,642
DA:22,642
DA:23,642
DA:24,642
DA:25,642
DA:26,642
DA:27,642
DA:28,642
DA:29,642
DA:31,324
DA:32,2424
DA:33,606
DA:35,324
DA:36,1440
DA:37,360
DA:39,324
DA:40,606
DA:41,606
DA:42,606
DA:43,606
DA:45,606
DA:47,0
DA:48,0
DA:49,0
DA:50,0
DA:52,0
DA:53,0
DA:55,0
DA:57,324
DA:58,348
DA:59,348
DA:60,348
DA:61,348
DA:63,348
DA:65,324
DA:66,336
DA:67,336
DA:68,336
DA:70,336
DA:71,336
DA:73,336
DA:74,324
DA:76,6
DA:77,324
DA:78,324
DA:79,324
DA:81,48
DA:82,186
DA:83,90
DA:84,90
DA:85,48
DA:87,6
DA:88,48
DA:89,48
DA:90,90
DA:91,48
DA:92,192
DA:93,48
DA:94,48
DA:95,0
DA:96,0
DA:97,48
DA:98,48
DA:99,0
DA:100,0
DA:101,0
DA:102,48
DA:103,192
DA:104,48
DA:105,48
LH:68
LF:87
end_of_record
